<?xml version="1.0" encoding="UTF-8"?>
<!-- Generated by org.testng.reporters.JUnitReportReporter -->
<testsuite hostname="SakshiAmayya" failures="0" tests="2" name="com.example.HeaderValidation.HeaderDemo" time="2.390" errors="0" timestamp="2025-09-03T12:12:37 IST" skipped="0">
  <testcase classname="com.example.HeaderValidation.HeaderDemo" name="testHeaders" time="1.814"/>
  <system-out/>
  <testcase classname="com.example.HeaderValidation.HeaderDemo" name="getHeaders1" time="0.576"/>
  <system-out/>
</testsuite> <!-- com.example.HeaderValidation.HeaderDemo -->
