<?xml version="1.0" encoding="UTF-8"?>
<!-- Generated by org.testng.reporters.JUnitReportReporter -->
<testsuite hostname="SakshiAmayya" failures="0" tests="3" name="com.example.ResponseValidation.ParsingJsonResponseData" time="0.654" errors="0" timestamp="2025-09-03T12:12:37 IST" skipped="0">
  <testcase classname="com.example.ResponseValidation.ParsingJsonResponseData" name="testJsonResponseData" time="0.580"/>
  <system-out/>
  <testcase classname="com.example.ResponseValidation.ParsingJsonResponseData" name="testJsonResponseDataApproach2" time="0.042"/>
  <system-out/>
  <testcase classname="com.example.ResponseValidation.ParsingJsonResponseData" name="testJsonResponseDataApproach3" time="0.032"/>
  <system-out/>
</testsuite> <!-- com.example.ResponseValidation.ParsingJsonResponseData -->
