<?xml version="1.0" encoding="UTF-8"?>
<!-- Generated by org.testng.reporters.JUnitReportReporter -->
<testsuite hostname="SakshiAmayya" failures="0" tests="4" name="com.example.CredOperation.CREDOperation" time="2.512" errors="0" timestamp="2025-09-03T12:12:37 IST" skipped="0">
  <testcase classname="com.example.CredOperation.CREDOperation" name="getUsers" time="0.532"/>
  <system-out/>
  <testcase classname="com.example.CredOperation.CREDOperation" name="CreateUsers" time="0.833"/>
  <system-out/>
  <testcase classname="com.example.CredOperation.CREDOperation" name="UpdateUser" time="0.682"/>
  <system-out/>
  <testcase classname="com.example.CredOperation.CREDOperation" name="Deleteuser" time="0.465"/>
  <system-out/>
</testsuite> <!-- com.example.CredOperation.CREDOperation -->
