<?xml version="1.0" encoding="UTF-8"?>
<!-- Generated by org.testng.reporters.JUnitReportReporter -->
<testsuite hostname="SakshiAmayya" failures="0" tests="1" name="com.example.HeaderValidation.LoggingDemo" time="0.244" errors="0" timestamp="2025-09-03T12:12:37 IST" skipped="0">
  <testcase classname="com.example.HeaderValidation.LoggingDemo" name="logtest" time="0.244"/>
  <system-out/>
</testsuite> <!-- com.example.HeaderValidation.LoggingDemo -->
