<?xml version="1.0" encoding="UTF-8"?>
<!-- Generated by org.testng.reporters.JUnitReportReporter -->
<testsuite hostname="SakshiAmayya" failures="0" tests="9" name="com.example.DiffPostRequestCreation.DiffWaysToCreatePostRequest" time="5.346" errors="0" timestamp="2025-09-03T12:12:37 IST" skipped="0">
  <testcase classname="com.example.DiffPostRequestCreation.DiffWaysToCreatePostRequest" name="testPostRequestUsingHashMap" time="0.638"/>
  <system-out/>
  <testcase classname="com.example.DiffPostRequestCreation.DiffWaysToCreatePostRequest" name="testPostReqUsingExternalJsonFile" time="0.568"/>
  <system-out/>
  <testcase classname="com.example.DiffPostRequestCreation.DiffWaysToCreatePostRequest" name="testPostRequestUsingJsonLibrary" time="0.562"/>
  <system-out/>
  <testcase classname="com.example.DiffPostRequestCreation.DiffWaysToCreatePostRequest" name="UpdateJsonUser" time="0.635"/>
  <system-out/>
  <testcase classname="com.example.DiffPostRequestCreation.DiffWaysToCreatePostRequest" name="Deleteuser" time="0.567"/>
  <system-out/>
  <testcase classname="com.example.DiffPostRequestCreation.DiffWaysToCreatePostRequest" name="DeleteJsonFileUser" time="0.482"/>
  <system-out/>
  <testcase classname="com.example.DiffPostRequestCreation.DiffWaysToCreatePostRequest" name="testPostPOJOClass" time="0.583"/>
  <system-out/>
  <testcase classname="com.example.DiffPostRequestCreation.DiffWaysToCreatePostRequest" name="UpdateUser" time="0.680"/>
  <system-out/>
  <testcase classname="com.example.DiffPostRequestCreation.DiffWaysToCreatePostRequest" name="DeletePojoUser" time="0.631"/>
  <system-out/>
</testsuite> <!-- com.example.DiffPostRequestCreation.DiffWaysToCreatePostRequest -->
