<?xml version="1.0" encoding="UTF-8"?>
<!-- Generated by org.testng.reporters.JUnitReportReporter -->
<testsuite hostname="SakshiAmayya" failures="0" tests="1" name="com.example.HeaderValidation.PathandQueryParameter" time="0.594" errors="0" timestamp="2025-09-03T12:12:37 IST" skipped="0">
  <testcase classname="com.example.HeaderValidation.PathandQueryParameter" name="pathandQueryParam" time="0.594"/>
  <system-out/>
</testsuite> <!-- com.example.HeaderValidation.PathandQueryParameter -->
