<?xml version="1.0" encoding="UTF-8"?>
<!-- Generated by org.testng.reporters.JUnitReportReporter -->
<testsuite hostname="SakshiAmayya" failures="0" tests="2" name="com.example.CredOperation.Test01_GET" time="0.746" errors="0" timestamp="2025-09-03T12:12:37 IST" skipped="0">
  <testcase classname="com.example.CredOperation.Test01_GET" name="test02" time="0.518"/>
  <system-out/>
  <testcase classname="com.example.CredOperation.Test01_GET" name="test_01" time="0.228"/>
  <system-out/>
</testsuite> <!-- com.example.CredOperation.Test01_GET -->
